[0.059s] DEBUG:colcon:Command line arguments: ['/usr/bin/colcon', 'build']
[0.059s] DEBUG:colcon:Parsed command line arguments: Namespace(log_base=None, log_level=None, verb_name='build', build_base='build', install_base='install', merge_install=False, symlink_install=False, test_result_base=None, continue_on_error=False, executor='parallel', parallel_workers=20, event_handlers=None, ignore_user_meta=False, metas=['./colcon.meta'], base_paths=['.'], packages_ignore=None, packages_ignore_regex=None, paths=None, packages_up_to=None, packages_up_to_regex=None, packages_above=None, packages_above_and_dependencies=None, packages_above_depth=None, packages_select_by_dep=None, packages_skip_by_dep=None, packages_skip_up_to=None, packages_select_build_failed=False, packages_skip_build_finished=False, packages_select_test_failures=False, packages_skip_test_passed=False, packages_select=None, packages_skip=None, packages_select_regex=None, packages_skip_regex=None, packages_start=None, packages_end=None, allow_overriding=[], cmake_args=None, cmake_target=None, cmake_target_skip_unavailable=False, cmake_clean_cache=False, cmake_clean_first=False, cmake_force_configure=False, ament_cmake_args=None, catkin_cmake_args=None, catkin_skip_building_tests=False, mixin_files=None, mixin=None, verb_parser=<colcon_mixin.mixin.mixin_argument.MixinArgumentDecorator object at 0x7be38a58c340>, verb_extension=<colcon_core.verb.build.BuildVerb object at 0x7be38a55bd90>, main=<bound method BuildVerb.main of <colcon_core.verb.build.BuildVerb object at 0x7be38a55bd90>>, mixin_verb=('build',))
[0.155s] Level 1:colcon.colcon_core.package_discovery:discover_packages(colcon_meta) check parameters
[0.155s] Level 1:colcon.colcon_core.package_discovery:discover_packages(recursive) check parameters
[0.155s] Level 1:colcon.colcon_core.package_discovery:discover_packages(ignore) check parameters
[0.155s] Level 1:colcon.colcon_core.package_discovery:discover_packages(path) check parameters
[0.155s] Level 1:colcon.colcon_core.package_discovery:discover_packages(colcon_meta) discover
[0.155s] Level 1:colcon.colcon_core.package_discovery:discover_packages(recursive) discover
[0.155s] INFO:colcon.colcon_core.package_discovery:Crawling recursively for packages in '/home/devonics/fr3_gazebo'
[0.155s] Level 1:colcon.colcon_core.package_identification:_identify(.) by extensions ['ignore', 'ignore_ament_install']
[0.155s] Level 1:colcon.colcon_core.package_identification:_identify(.) by extension 'ignore'
[0.155s] Level 1:colcon.colcon_core.package_identification:_identify(.) by extension 'ignore_ament_install'
[0.155s] Level 1:colcon.colcon_core.package_identification:_identify(.) by extensions ['colcon_pkg']
[0.155s] Level 1:colcon.colcon_core.package_identification:_identify(.) by extension 'colcon_pkg'
[0.155s] Level 1:colcon.colcon_core.package_identification:_identify(.) by extensions ['colcon_meta']
[0.155s] Level 1:colcon.colcon_core.package_identification:_identify(.) by extension 'colcon_meta'
[0.155s] Level 1:colcon.colcon_core.package_identification:_identify(.) by extensions ['ros']
[0.155s] Level 1:colcon.colcon_core.package_identification:_identify(.) by extension 'ros'
[0.166s] Level 1:colcon.colcon_core.package_identification:_identify(.) by extensions ['cmake', 'python']
[0.166s] Level 1:colcon.colcon_core.package_identification:_identify(.) by extension 'cmake'
[0.166s] Level 1:colcon.colcon_core.package_identification:_identify(.) by extension 'python'
[0.166s] Level 1:colcon.colcon_core.package_identification:_identify(.) by extensions ['python_setup_py']
[0.166s] Level 1:colcon.colcon_core.package_identification:_identify(.) by extension 'python_setup_py'
[0.166s] Level 1:colcon.colcon_core.package_identification:_identify(build) by extensions ['ignore', 'ignore_ament_install']
[0.167s] Level 1:colcon.colcon_core.package_identification:_identify(build) by extension 'ignore'
[0.167s] Level 1:colcon.colcon_core.package_identification:_identify(build) ignored
[0.167s] Level 1:colcon.colcon_core.package_identification:_identify(install) by extensions ['ignore', 'ignore_ament_install']
[0.167s] Level 1:colcon.colcon_core.package_identification:_identify(install) by extension 'ignore'
[0.167s] Level 1:colcon.colcon_core.package_identification:_identify(install) ignored
[0.167s] Level 1:colcon.colcon_core.package_identification:_identify(log) by extensions ['ignore', 'ignore_ament_install']
[0.167s] Level 1:colcon.colcon_core.package_identification:_identify(log) by extension 'ignore'
[0.167s] Level 1:colcon.colcon_core.package_identification:_identify(log) ignored
[0.167s] Level 1:colcon.colcon_core.package_identification:_identify(src) by extensions ['ignore', 'ignore_ament_install']
[0.167s] Level 1:colcon.colcon_core.package_identification:_identify(src) by extension 'ignore'
[0.167s] Level 1:colcon.colcon_core.package_identification:_identify(src) by extension 'ignore_ament_install'
[0.167s] Level 1:colcon.colcon_core.package_identification:_identify(src) by extensions ['colcon_pkg']
[0.167s] Level 1:colcon.colcon_core.package_identification:_identify(src) by extension 'colcon_pkg'
[0.167s] Level 1:colcon.colcon_core.package_identification:_identify(src) by extensions ['colcon_meta']
[0.167s] Level 1:colcon.colcon_core.package_identification:_identify(src) by extension 'colcon_meta'
[0.167s] Level 1:colcon.colcon_core.package_identification:_identify(src) by extensions ['ros']
[0.167s] Level 1:colcon.colcon_core.package_identification:_identify(src) by extension 'ros'
[0.167s] Level 1:colcon.colcon_core.package_identification:_identify(src) by extensions ['cmake', 'python']
[0.167s] Level 1:colcon.colcon_core.package_identification:_identify(src) by extension 'cmake'
[0.167s] Level 1:colcon.colcon_core.package_identification:_identify(src) by extension 'python'
[0.167s] Level 1:colcon.colcon_core.package_identification:_identify(src) by extensions ['python_setup_py']
[0.167s] Level 1:colcon.colcon_core.package_identification:_identify(src) by extension 'python_setup_py'
[0.167s] Level 1:colcon.colcon_core.package_identification:_identify(src/fairino3_v6_moveit2_config) by extensions ['ignore', 'ignore_ament_install']
[0.167s] Level 1:colcon.colcon_core.package_identification:_identify(src/fairino3_v6_moveit2_config) by extension 'ignore'
[0.167s] Level 1:colcon.colcon_core.package_identification:_identify(src/fairino3_v6_moveit2_config) by extension 'ignore_ament_install'
[0.167s] Level 1:colcon.colcon_core.package_identification:_identify(src/fairino3_v6_moveit2_config) by extensions ['colcon_pkg']
[0.167s] Level 1:colcon.colcon_core.package_identification:_identify(src/fairino3_v6_moveit2_config) by extension 'colcon_pkg'
[0.167s] Level 1:colcon.colcon_core.package_identification:_identify(src/fairino3_v6_moveit2_config) by extensions ['colcon_meta']
[0.167s] Level 1:colcon.colcon_core.package_identification:_identify(src/fairino3_v6_moveit2_config) by extension 'colcon_meta'
[0.167s] Level 1:colcon.colcon_core.package_identification:_identify(src/fairino3_v6_moveit2_config) by extensions ['ros']
[0.167s] Level 1:colcon.colcon_core.package_identification:_identify(src/fairino3_v6_moveit2_config) by extension 'ros'
[0.169s] DEBUG:colcon.colcon_core.package_identification:Package 'src/fairino3_v6_moveit2_config' with type 'ros.ament_cmake' and name 'fairino3_v6_moveit2_config'
[0.169s] Level 1:colcon.colcon_core.package_identification:_identify(src/fairino_description) by extensions ['ignore', 'ignore_ament_install']
[0.169s] Level 1:colcon.colcon_core.package_identification:_identify(src/fairino_description) by extension 'ignore'
[0.169s] Level 1:colcon.colcon_core.package_identification:_identify(src/fairino_description) by extension 'ignore_ament_install'
[0.169s] Level 1:colcon.colcon_core.package_identification:_identify(src/fairino_description) by extensions ['colcon_pkg']
[0.169s] Level 1:colcon.colcon_core.package_identification:_identify(src/fairino_description) by extension 'colcon_pkg'
[0.169s] Level 1:colcon.colcon_core.package_identification:_identify(src/fairino_description) by extensions ['colcon_meta']
[0.169s] Level 1:colcon.colcon_core.package_identification:_identify(src/fairino_description) by extension 'colcon_meta'
[0.169s] Level 1:colcon.colcon_core.package_identification:_identify(src/fairino_description) by extensions ['ros']
[0.169s] Level 1:colcon.colcon_core.package_identification:_identify(src/fairino_description) by extension 'ros'
[0.170s] DEBUG:colcon.colcon_core.package_identification:Package 'src/fairino_description' with type 'ros.ament_cmake' and name 'fairino_description'
[0.170s] Level 1:colcon.colcon_core.package_identification:_identify(src/fairino_hardware) by extensions ['ignore', 'ignore_ament_install']
[0.170s] Level 1:colcon.colcon_core.package_identification:_identify(src/fairino_hardware) by extension 'ignore'
[0.170s] Level 1:colcon.colcon_core.package_identification:_identify(src/fairino_hardware) by extension 'ignore_ament_install'
[0.170s] Level 1:colcon.colcon_core.package_identification:_identify(src/fairino_hardware) by extensions ['colcon_pkg']
[0.170s] Level 1:colcon.colcon_core.package_identification:_identify(src/fairino_hardware) by extension 'colcon_pkg'
[0.170s] Level 1:colcon.colcon_core.package_identification:_identify(src/fairino_hardware) by extensions ['colcon_meta']
[0.170s] Level 1:colcon.colcon_core.package_identification:_identify(src/fairino_hardware) by extension 'colcon_meta'
[0.170s] Level 1:colcon.colcon_core.package_identification:_identify(src/fairino_hardware) by extensions ['ros']
[0.170s] Level 1:colcon.colcon_core.package_identification:_identify(src/fairino_hardware) by extension 'ros'
[0.170s] DEBUG:colcon.colcon_core.package_identification:Package 'src/fairino_hardware' with type 'ros.ament_cmake' and name 'fairino_hardware'
[0.170s] Level 1:colcon.colcon_core.package_identification:_identify(src/fairino_msgs) by extensions ['ignore', 'ignore_ament_install']
[0.170s] Level 1:colcon.colcon_core.package_identification:_identify(src/fairino_msgs) by extension 'ignore'
[0.170s] Level 1:colcon.colcon_core.package_identification:_identify(src/fairino_msgs) by extension 'ignore_ament_install'
[0.170s] Level 1:colcon.colcon_core.package_identification:_identify(src/fairino_msgs) by extensions ['colcon_pkg']
[0.170s] Level 1:colcon.colcon_core.package_identification:_identify(src/fairino_msgs) by extension 'colcon_pkg'
[0.170s] Level 1:colcon.colcon_core.package_identification:_identify(src/fairino_msgs) by extensions ['colcon_meta']
[0.170s] Level 1:colcon.colcon_core.package_identification:_identify(src/fairino_msgs) by extension 'colcon_meta'
[0.170s] Level 1:colcon.colcon_core.package_identification:_identify(src/fairino_msgs) by extensions ['ros']
[0.171s] Level 1:colcon.colcon_core.package_identification:_identify(src/fairino_msgs) by extension 'ros'
[0.171s] DEBUG:colcon.colcon_core.package_identification:Package 'src/fairino_msgs' with type 'ros.ament_cmake' and name 'fairino_msgs'
[0.171s] Level 1:colcon.colcon_core.package_discovery:discover_packages(recursive) using defaults
[0.171s] Level 1:colcon.colcon_core.package_discovery:discover_packages(ignore) discover
[0.171s] Level 1:colcon.colcon_core.package_discovery:discover_packages(ignore) using defaults
[0.171s] Level 1:colcon.colcon_core.package_discovery:discover_packages(path) discover
[0.171s] Level 1:colcon.colcon_core.package_discovery:discover_packages(path) using defaults
[0.183s] Level 1:colcon.colcon_core.package_discovery:discover_packages(prefix_path) check parameters
[0.183s] Level 1:colcon.colcon_core.package_discovery:discover_packages(prefix_path) discover
[0.186s] DEBUG:colcon.colcon_installed_package_information.package_discovery:Found 62 installed packages in /home/devonics/ros2_control_ws/install
[0.186s] DEBUG:colcon.colcon_installed_package_information.package_discovery:Found 10 installed packages in /home/devonics/ros2_ws/install
[0.187s] DEBUG:colcon.colcon_installed_package_information.package_discovery:Found 376 installed packages in /opt/ros/humble
[0.189s] Level 1:colcon.colcon_core.package_discovery:discover_packages(prefix_path) using defaults
[0.215s] WARNING:colcon.colcon_core.package_selection:Some selected packages are already built in one or more underlay workspaces:
	'fairino_description' is in: /home/devonics/ros2_ws/install/fairino_description
If a package in a merged underlay workspace is overridden and it installs headers, then all packages in the overlay must sort their include directories by workspace order. Failure to do so may result in build failures or undefined behavior at run time.
If the overridden package is used by another package in any underlay, then the overriding package in the overlay must be API and ABI compatible or undefined behavior at run time may occur.

If you understand the risks and want to override a package anyways, add the following to the command line:
	--allow-overriding fairino_description

This may be promoted to an error in a future release of colcon-override-check.
[0.216s] Level 5:colcon.colcon_core.verb:set package 'fairino_description' build argument 'cmake_args' from command line to 'None'
[0.216s] Level 5:colcon.colcon_core.verb:set package 'fairino_description' build argument 'cmake_target' from command line to 'None'
[0.216s] Level 5:colcon.colcon_core.verb:set package 'fairino_description' build argument 'cmake_target_skip_unavailable' from command line to 'False'
[0.216s] Level 5:colcon.colcon_core.verb:set package 'fairino_description' build argument 'cmake_clean_cache' from command line to 'False'
[0.216s] Level 5:colcon.colcon_core.verb:set package 'fairino_description' build argument 'cmake_clean_first' from command line to 'False'
[0.216s] Level 5:colcon.colcon_core.verb:set package 'fairino_description' build argument 'cmake_force_configure' from command line to 'False'
[0.216s] Level 5:colcon.colcon_core.verb:set package 'fairino_description' build argument 'ament_cmake_args' from command line to 'None'
[0.216s] Level 5:colcon.colcon_core.verb:set package 'fairino_description' build argument 'catkin_cmake_args' from command line to 'None'
[0.216s] Level 5:colcon.colcon_core.verb:set package 'fairino_description' build argument 'catkin_skip_building_tests' from command line to 'False'
[0.216s] DEBUG:colcon.colcon_core.verb:Building package 'fairino_description' with the following arguments: {'ament_cmake_args': None, 'build_base': '/home/devonics/fr3_gazebo/build/fairino_description', 'catkin_cmake_args': None, 'catkin_skip_building_tests': False, 'cmake_args': None, 'cmake_clean_cache': False, 'cmake_clean_first': False, 'cmake_force_configure': False, 'cmake_target': None, 'cmake_target_skip_unavailable': False, 'install_base': '/home/devonics/fr3_gazebo/install/fairino_description', 'merge_install': False, 'path': '/home/devonics/fr3_gazebo/src/fairino_description', 'symlink_install': False, 'test_result_base': None}
[0.216s] Level 5:colcon.colcon_core.verb:set package 'fairino_msgs' build argument 'cmake_args' from command line to 'None'
[0.216s] Level 5:colcon.colcon_core.verb:set package 'fairino_msgs' build argument 'cmake_target' from command line to 'None'
[0.216s] Level 5:colcon.colcon_core.verb:set package 'fairino_msgs' build argument 'cmake_target_skip_unavailable' from command line to 'False'
[0.216s] Level 5:colcon.colcon_core.verb:set package 'fairino_msgs' build argument 'cmake_clean_cache' from command line to 'False'
[0.216s] Level 5:colcon.colcon_core.verb:set package 'fairino_msgs' build argument 'cmake_clean_first' from command line to 'False'
[0.216s] Level 5:colcon.colcon_core.verb:set package 'fairino_msgs' build argument 'cmake_force_configure' from command line to 'False'
[0.216s] Level 5:colcon.colcon_core.verb:set package 'fairino_msgs' build argument 'ament_cmake_args' from command line to 'None'
[0.216s] Level 5:colcon.colcon_core.verb:set package 'fairino_msgs' build argument 'catkin_cmake_args' from command line to 'None'
[0.216s] Level 5:colcon.colcon_core.verb:set package 'fairino_msgs' build argument 'catkin_skip_building_tests' from command line to 'False'
[0.216s] DEBUG:colcon.colcon_core.verb:Building package 'fairino_msgs' with the following arguments: {'ament_cmake_args': None, 'build_base': '/home/devonics/fr3_gazebo/build/fairino_msgs', 'catkin_cmake_args': None, 'catkin_skip_building_tests': False, 'cmake_args': None, 'cmake_clean_cache': False, 'cmake_clean_first': False, 'cmake_force_configure': False, 'cmake_target': None, 'cmake_target_skip_unavailable': False, 'install_base': '/home/devonics/fr3_gazebo/install/fairino_msgs', 'merge_install': False, 'path': '/home/devonics/fr3_gazebo/src/fairino_msgs', 'symlink_install': False, 'test_result_base': None}
[0.216s] Level 5:colcon.colcon_core.verb:set package 'fairino3_v6_moveit2_config' build argument 'cmake_args' from command line to 'None'
[0.216s] Level 5:colcon.colcon_core.verb:set package 'fairino3_v6_moveit2_config' build argument 'cmake_target' from command line to 'None'
[0.216s] Level 5:colcon.colcon_core.verb:set package 'fairino3_v6_moveit2_config' build argument 'cmake_target_skip_unavailable' from command line to 'False'
[0.216s] Level 5:colcon.colcon_core.verb:set package 'fairino3_v6_moveit2_config' build argument 'cmake_clean_cache' from command line to 'False'
[0.216s] Level 5:colcon.colcon_core.verb:set package 'fairino3_v6_moveit2_config' build argument 'cmake_clean_first' from command line to 'False'
[0.216s] Level 5:colcon.colcon_core.verb:set package 'fairino3_v6_moveit2_config' build argument 'cmake_force_configure' from command line to 'False'
[0.216s] Level 5:colcon.colcon_core.verb:set package 'fairino3_v6_moveit2_config' build argument 'ament_cmake_args' from command line to 'None'
[0.216s] Level 5:colcon.colcon_core.verb:set package 'fairino3_v6_moveit2_config' build argument 'catkin_cmake_args' from command line to 'None'
[0.216s] Level 5:colcon.colcon_core.verb:set package 'fairino3_v6_moveit2_config' build argument 'catkin_skip_building_tests' from command line to 'False'
[0.216s] DEBUG:colcon.colcon_core.verb:Building package 'fairino3_v6_moveit2_config' with the following arguments: {'ament_cmake_args': None, 'build_base': '/home/devonics/fr3_gazebo/build/fairino3_v6_moveit2_config', 'catkin_cmake_args': None, 'catkin_skip_building_tests': False, 'cmake_args': None, 'cmake_clean_cache': False, 'cmake_clean_first': False, 'cmake_force_configure': False, 'cmake_target': None, 'cmake_target_skip_unavailable': False, 'install_base': '/home/devonics/fr3_gazebo/install/fairino3_v6_moveit2_config', 'merge_install': False, 'path': '/home/devonics/fr3_gazebo/src/fairino3_v6_moveit2_config', 'symlink_install': False, 'test_result_base': None}
[0.216s] Level 5:colcon.colcon_core.verb:set package 'fairino_hardware' build argument 'cmake_args' from command line to 'None'
[0.216s] Level 5:colcon.colcon_core.verb:set package 'fairino_hardware' build argument 'cmake_target' from command line to 'None'
[0.216s] Level 5:colcon.colcon_core.verb:set package 'fairino_hardware' build argument 'cmake_target_skip_unavailable' from command line to 'False'
[0.216s] Level 5:colcon.colcon_core.verb:set package 'fairino_hardware' build argument 'cmake_clean_cache' from command line to 'False'
[0.216s] Level 5:colcon.colcon_core.verb:set package 'fairino_hardware' build argument 'cmake_clean_first' from command line to 'False'
[0.216s] Level 5:colcon.colcon_core.verb:set package 'fairino_hardware' build argument 'cmake_force_configure' from command line to 'False'
[0.217s] Level 5:colcon.colcon_core.verb:set package 'fairino_hardware' build argument 'ament_cmake_args' from command line to 'None'
[0.217s] Level 5:colcon.colcon_core.verb:set package 'fairino_hardware' build argument 'catkin_cmake_args' from command line to 'None'
[0.217s] Level 5:colcon.colcon_core.verb:set package 'fairino_hardware' build argument 'catkin_skip_building_tests' from command line to 'False'
[0.217s] DEBUG:colcon.colcon_core.verb:Building package 'fairino_hardware' with the following arguments: {'ament_cmake_args': None, 'build_base': '/home/devonics/fr3_gazebo/build/fairino_hardware', 'catkin_cmake_args': None, 'catkin_skip_building_tests': False, 'cmake_args': None, 'cmake_clean_cache': False, 'cmake_clean_first': False, 'cmake_force_configure': False, 'cmake_target': None, 'cmake_target_skip_unavailable': False, 'install_base': '/home/devonics/fr3_gazebo/install/fairino_hardware', 'merge_install': False, 'path': '/home/devonics/fr3_gazebo/src/fairino_hardware', 'symlink_install': False, 'test_result_base': None}
[0.217s] INFO:colcon.colcon_core.executor:Executing jobs using 'parallel' executor
[0.217s] DEBUG:colcon.colcon_parallel_executor.executor.parallel:run_until_complete
[0.217s] INFO:colcon.colcon_ros.task.ament_cmake.build:Building ROS package in '/home/devonics/fr3_gazebo/src/fairino_description' with build type 'ament_cmake'
[0.217s] INFO:colcon.colcon_cmake.task.cmake.build:Building CMake package in '/home/devonics/fr3_gazebo/src/fairino_description'
[0.218s] INFO:colcon.colcon_core.plugin_system:Skipping extension 'colcon_core.shell.bat': Not used on non-Windows systems
[0.219s] INFO:colcon.colcon_core.shell:Skip shell extension 'powershell' for command environment: Not usable outside of PowerShell
[0.219s] DEBUG:colcon.colcon_core.shell:Skip shell extension 'dsv' for command environment
[0.222s] INFO:colcon.colcon_ros.task.ament_cmake.build:Building ROS package in '/home/devonics/fr3_gazebo/src/fairino_msgs' with build type 'ament_cmake'
[0.222s] INFO:colcon.colcon_cmake.task.cmake.build:Building CMake package in '/home/devonics/fr3_gazebo/src/fairino_msgs'
[0.223s] INFO:colcon.colcon_core.shell:Skip shell extension 'powershell' for command environment: Not usable outside of PowerShell
[0.223s] DEBUG:colcon.colcon_core.shell:Skip shell extension 'dsv' for command environment
[0.228s] DEBUG:colcon.colcon_core.event_handler.log_command:Invoking command in '/home/devonics/fr3_gazebo/build/fairino_description': CMAKE_PREFIX_PATH=${CMAKE_PREFIX_PATH}:/home/devonics/ros2_control_ws/install/rqt_joint_trajectory_controller:/home/devonics/ros2_control_ws/install/rqt_controller_manager:/home/devonics/ros2_control_ws/install/ros2controlcli:/home/devonics/ros2_control_ws/install/ros2_controllers_test_nodes:/opt/ros/humble /usr/bin/cmake /home/devonics/fr3_gazebo/src/fairino_description -DCMAKE_INSTALL_PREFIX=/home/devonics/fr3_gazebo/install/fairino_description
[0.230s] DEBUG:colcon.colcon_core.event_handler.log_command:Invoking command in '/home/devonics/fr3_gazebo/build/fairino_msgs': CMAKE_PREFIX_PATH=${CMAKE_PREFIX_PATH}:/home/devonics/ros2_control_ws/install/rqt_joint_trajectory_controller:/home/devonics/ros2_control_ws/install/rqt_controller_manager:/home/devonics/ros2_control_ws/install/ros2controlcli:/home/devonics/ros2_control_ws/install/ros2_controllers_test_nodes:/opt/ros/humble /usr/bin/cmake /home/devonics/fr3_gazebo/src/fairino_msgs -DCMAKE_INSTALL_PREFIX=/home/devonics/fr3_gazebo/install/fairino_msgs
[0.797s] DEBUG:colcon.colcon_core.event_handler.log_command:Invoked command in '/home/devonics/fr3_gazebo/build/fairino_description' returned '0': CMAKE_PREFIX_PATH=${CMAKE_PREFIX_PATH}:/home/devonics/ros2_control_ws/install/rqt_joint_trajectory_controller:/home/devonics/ros2_control_ws/install/rqt_controller_manager:/home/devonics/ros2_control_ws/install/ros2controlcli:/home/devonics/ros2_control_ws/install/ros2_controllers_test_nodes:/opt/ros/humble /usr/bin/cmake /home/devonics/fr3_gazebo/src/fairino_description -DCMAKE_INSTALL_PREFIX=/home/devonics/fr3_gazebo/install/fairino_description
[0.798s] DEBUG:colcon.colcon_core.event_handler.log_command:Invoking command in '/home/devonics/fr3_gazebo/build/fairino_description': CMAKE_PREFIX_PATH=${CMAKE_PREFIX_PATH}:/home/devonics/ros2_control_ws/install/rqt_joint_trajectory_controller:/home/devonics/ros2_control_ws/install/rqt_controller_manager:/home/devonics/ros2_control_ws/install/ros2controlcli:/home/devonics/ros2_control_ws/install/ros2_controllers_test_nodes:/opt/ros/humble /usr/bin/cmake --build /home/devonics/fr3_gazebo/build/fairino_description -- -j20 -l20
[0.831s] DEBUG:colcon.colcon_core.event_handler.log_command:Invoked command in '/home/devonics/fr3_gazebo/build/fairino_description' returned '0': CMAKE_PREFIX_PATH=${CMAKE_PREFIX_PATH}:/home/devonics/ros2_control_ws/install/rqt_joint_trajectory_controller:/home/devonics/ros2_control_ws/install/rqt_controller_manager:/home/devonics/ros2_control_ws/install/ros2controlcli:/home/devonics/ros2_control_ws/install/ros2_controllers_test_nodes:/opt/ros/humble /usr/bin/cmake --build /home/devonics/fr3_gazebo/build/fairino_description -- -j20 -l20
[0.840s] DEBUG:colcon.colcon_core.event_handler.log_command:Invoking command in '/home/devonics/fr3_gazebo/build/fairino_description': CMAKE_PREFIX_PATH=${CMAKE_PREFIX_PATH}:/home/devonics/ros2_control_ws/install/rqt_joint_trajectory_controller:/home/devonics/ros2_control_ws/install/rqt_controller_manager:/home/devonics/ros2_control_ws/install/ros2controlcli:/home/devonics/ros2_control_ws/install/ros2_controllers_test_nodes:/opt/ros/humble /usr/bin/cmake --install /home/devonics/fr3_gazebo/build/fairino_description
[0.853s] Level 1:colcon.colcon_core.environment:create_environment_scripts_only(fairino_description)
[0.853s] DEBUG:colcon.colcon_core.event_handler.log_command:Invoked command in '/home/devonics/fr3_gazebo/build/fairino_description' returned '0': CMAKE_PREFIX_PATH=${CMAKE_PREFIX_PATH}:/home/devonics/ros2_control_ws/install/rqt_joint_trajectory_controller:/home/devonics/ros2_control_ws/install/rqt_controller_manager:/home/devonics/ros2_control_ws/install/ros2controlcli:/home/devonics/ros2_control_ws/install/ros2_controllers_test_nodes:/opt/ros/humble /usr/bin/cmake --install /home/devonics/fr3_gazebo/build/fairino_description
[0.855s] Level 1:colcon.colcon_core.environment:checking '/home/devonics/fr3_gazebo/install/fairino_description' for CMake module files
[0.856s] Level 1:colcon.colcon_core.environment:checking '/home/devonics/fr3_gazebo/install/fairino_description' for CMake config files
[0.856s] Level 1:colcon.colcon_core.shell:create_environment_hook('fairino_description', 'cmake_prefix_path')
[0.856s] INFO:colcon.colcon_core.shell:Creating environment hook '/home/devonics/fr3_gazebo/install/fairino_description/share/fairino_description/hook/cmake_prefix_path.ps1'
[0.856s] INFO:colcon.colcon_core.shell:Creating environment descriptor '/home/devonics/fr3_gazebo/install/fairino_description/share/fairino_description/hook/cmake_prefix_path.dsv'
[0.856s] INFO:colcon.colcon_core.shell:Creating environment hook '/home/devonics/fr3_gazebo/install/fairino_description/share/fairino_description/hook/cmake_prefix_path.sh'
[0.857s] Level 1:colcon.colcon_core.environment:checking '/home/devonics/fr3_gazebo/install/fairino_description/bin'
[0.857s] Level 1:colcon.colcon_core.environment:checking '/home/devonics/fr3_gazebo/install/fairino_description/lib/pkgconfig/fairino_description.pc'
[0.857s] Level 1:colcon.colcon_core.environment:checking '/home/devonics/fr3_gazebo/install/fairino_description/lib/python3.10/site-packages'
[0.857s] Level 1:colcon.colcon_core.environment:checking '/home/devonics/fr3_gazebo/install/fairino_description/bin'
[0.857s] INFO:colcon.colcon_core.shell:Creating package script '/home/devonics/fr3_gazebo/install/fairino_description/share/fairino_description/package.ps1'
[0.858s] INFO:colcon.colcon_core.shell:Creating package descriptor '/home/devonics/fr3_gazebo/install/fairino_description/share/fairino_description/package.dsv'
[0.858s] INFO:colcon.colcon_core.shell:Creating package script '/home/devonics/fr3_gazebo/install/fairino_description/share/fairino_description/package.sh'
[0.858s] INFO:colcon.colcon_core.shell:Creating package script '/home/devonics/fr3_gazebo/install/fairino_description/share/fairino_description/package.bash'
[0.859s] INFO:colcon.colcon_core.shell:Creating package script '/home/devonics/fr3_gazebo/install/fairino_description/share/fairino_description/package.zsh'
[0.859s] Level 1:colcon.colcon_core.environment:create_file_with_runtime_dependencies(/home/devonics/fr3_gazebo/install/fairino_description/share/colcon-core/packages/fairino_description)
[0.859s] Level 1:colcon.colcon_core.environment:create_environment_scripts_only(fairino_description)
[0.859s] Level 1:colcon.colcon_core.environment:checking '/home/devonics/fr3_gazebo/install/fairino_description' for CMake module files
[0.860s] Level 1:colcon.colcon_core.environment:checking '/home/devonics/fr3_gazebo/install/fairino_description' for CMake config files
[0.860s] Level 1:colcon.colcon_core.shell:create_environment_hook('fairino_description', 'cmake_prefix_path')
[0.860s] INFO:colcon.colcon_core.shell:Creating environment hook '/home/devonics/fr3_gazebo/install/fairino_description/share/fairino_description/hook/cmake_prefix_path.ps1'
[0.860s] INFO:colcon.colcon_core.shell:Creating environment descriptor '/home/devonics/fr3_gazebo/install/fairino_description/share/fairino_description/hook/cmake_prefix_path.dsv'
[0.860s] INFO:colcon.colcon_core.shell:Creating environment hook '/home/devonics/fr3_gazebo/install/fairino_description/share/fairino_description/hook/cmake_prefix_path.sh'
[0.860s] Level 1:colcon.colcon_core.environment:checking '/home/devonics/fr3_gazebo/install/fairino_description/bin'
[0.861s] Level 1:colcon.colcon_core.environment:checking '/home/devonics/fr3_gazebo/install/fairino_description/lib/pkgconfig/fairino_description.pc'
[0.861s] Level 1:colcon.colcon_core.environment:checking '/home/devonics/fr3_gazebo/install/fairino_description/lib/python3.10/site-packages'
[0.861s] Level 1:colcon.colcon_core.environment:checking '/home/devonics/fr3_gazebo/install/fairino_description/bin'
[0.861s] INFO:colcon.colcon_core.shell:Creating package script '/home/devonics/fr3_gazebo/install/fairino_description/share/fairino_description/package.ps1'
[0.861s] INFO:colcon.colcon_core.shell:Creating package descriptor '/home/devonics/fr3_gazebo/install/fairino_description/share/fairino_description/package.dsv'
[0.861s] INFO:colcon.colcon_core.shell:Creating package script '/home/devonics/fr3_gazebo/install/fairino_description/share/fairino_description/package.sh'
[0.862s] INFO:colcon.colcon_core.shell:Creating package script '/home/devonics/fr3_gazebo/install/fairino_description/share/fairino_description/package.bash'
[0.862s] INFO:colcon.colcon_core.shell:Creating package script '/home/devonics/fr3_gazebo/install/fairino_description/share/fairino_description/package.zsh'
[0.862s] Level 1:colcon.colcon_core.environment:create_file_with_runtime_dependencies(/home/devonics/fr3_gazebo/install/fairino_description/share/colcon-core/packages/fairino_description)
[0.862s] INFO:colcon.colcon_ros.task.ament_cmake.build:Building ROS package in '/home/devonics/fr3_gazebo/src/fairino3_v6_moveit2_config' with build type 'ament_cmake'
[0.862s] INFO:colcon.colcon_cmake.task.cmake.build:Building CMake package in '/home/devonics/fr3_gazebo/src/fairino3_v6_moveit2_config'
[0.862s] INFO:colcon.colcon_core.shell:Skip shell extension 'powershell' for command environment: Not usable outside of PowerShell
[0.862s] DEBUG:colcon.colcon_core.shell:Skip shell extension 'dsv' for command environment
[0.872s] DEBUG:colcon.colcon_core.event_handler.log_command:Invoking command in '/home/devonics/fr3_gazebo/build/fairino3_v6_moveit2_config': AMENT_PREFIX_PATH=/home/devonics/fr3_gazebo/install/fairino_description:${AMENT_PREFIX_PATH} CMAKE_PREFIX_PATH=/home/devonics/fr3_gazebo/install/fairino_description:/home/devonics/ros2_control_ws/install/ros2_controllers:/home/devonics/ros2_control_ws/install/ros2_control_demos:/home/devonics/ros2_control_ws/install/ros2_control_demo_example_3:/home/devonics/ros2_control_ws/install/ign_ros2_control_demos:/home/devonics/ros2_control_ws/install/gz_ros2_control_demos:/home/devonics/ros2_control_ws/install/velocity_controllers:/home/devonics/ros2_control_ws/install/tricycle_steering_controller:/home/devonics/ros2_control_ws/install/tricycle_controller:/home/devonics/ros2_control_ws/install/ros2_control_demo_example_8:/home/devonics/ros2_control_ws/install/ros2_control:/home/devonics/ros2_control_ws/install/transmission_interface:/home/devonics/ros2_control_ws/install/ros2_control_demo_example_11:/home/devonics/ros2_control_ws/install/bicycle_steering_controller:/home/devonics/ros2_control_ws/install/ackermann_steering_controller:/home/devonics/ros2_control_ws/install/steering_controllers_library:/home/devonics/ros2_control_ws/install/ros2_control_demo_example_15:/home/devonics/ros2_control_ws/install/ros2_control_demo_example_1:/home/devonics/ros2_control_ws/install/ros2_control_demo_example_9:/home/devonics/ros2_control_ws/install/ros2_control_demo_example_7:/home/devonics/ros2_control_ws/install/ros2_control_demo_example_6:/home/devonics/ros2_control_ws/install/ros2_control_demo_example_13:/home/devonics/ros2_control_ws/install/ros2_control_demo_example_5:/home/devonics/ros2_control_ws/install/ros2_control_demo_example_4:/home/devonics/ros2_control_ws/install/ros2_control_demo_example_2:/home/devonics/ros2_control_ws/install/ros2_control_demo_example_14:/home/devonics/ros2_control_ws/install/ros2_control_demo_example_12:/home/devonics/ros2_control_ws/install/ros2_control_demo_example_10:/home/devonics/ros2_control_ws/install/ign_ros2_control:/home/devonics/ros2_control_ws/install/hardware_interface_testing:/home/devonics/ros2_control_ws/install/gz_ros2_control:/home/devonics/ros2_control_ws/install/controller_manager:/home/devonics/ros2_control_ws/install/ros2_control_test_assets:/home/devonics/ros2_control_ws/install/ros2_control_demo_description:/home/devonics/ros2_control_ws/install/range_sensor_broadcaster:/home/devonics/ros2_control_ws/install/position_controllers:/home/devonics/ros2_control_ws/install/pose_broadcaster:/home/devonics/ros2_control_ws/install/pid_controller:/home/devonics/ros2_control_ws/install/mecanum_drive_controller:/home/devonics/ros2_control_ws/install/joint_trajectory_controller:/home/devonics/ros2_control_ws/install/joint_state_broadcaster:/home/devonics/ros2_control_ws/install/imu_sensor_broadcaster:/home/devonics/ros2_control_ws/install/gripper_controllers:/home/devonics/ros2_control_ws/install/gpio_controllers:/home/devonics/ros2_control_ws/install/effort_controllers:/home/devonics/ros2_control_ws/install/forward_command_controller:/home/devonics/ros2_control_ws/install/force_torque_sensor_broadcaster:/home/devonics/ros2_control_ws/install/diff_drive_controller:/home/devonics/ros2_control_ws/install/admittance_controller:/home/devonics/ros2_control_ws/install/control_toolbox:/home/devonics/ros2_control_ws/install/realtime_tools:/home/devonics/ros2_control_ws/install/kinematics_interface_kdl:/home/devonics/ros2_control_ws/install/kinematics_interface:/home/devonics/ros2_control_ws/install/joint_limits:/home/devonics/ros2_control_ws/install/controller_interface:/home/devonics/ros2_control_ws/install/hardware_interface:/home/devonics/ros2_control_ws/install/gz_ros2_control_tests:/home/devonics/ros2_control_ws/install/controller_manager_msgs:/home/devonics/ros2_control_ws/install/control_msgs:/home/devonics/ros2_ws/install/fairino_hardware:/home/devonics/ros2_ws/install/fairino_msgs:/home/devonics/ros2_ws/install/fairino5_v6_moveit2_config:/home/devonics/ros2_ws/install/fairino3mt_v6_moveit2_config:/home/devonics/ros2_ws/install/fairino3_v6_moveit2_config:/home/devonics/ros2_ws/install/fairino30_v6_moveit2_config:/home/devonics/ros2_ws/install/fairino20_v6_moveit2_config:/home/devonics/ros2_ws/install/fairino16_v6_moveit2_config:/home/devonics/ros2_ws/install/fairino10_v6_moveit2_config:/home/devonics/ros2_ws/install/fairino_description:/home/devonics/ros2_control_ws/install/rqt_joint_trajectory_controller:/home/devonics/ros2_control_ws/install/rqt_controller_manager:/home/devonics/ros2_control_ws/install/ros2controlcli:/home/devonics/ros2_control_ws/install/ros2_controllers_test_nodes:/opt/ros/humble /usr/bin/cmake /home/devonics/fr3_gazebo/src/fairino3_v6_moveit2_config -DCMAKE_INSTALL_PREFIX=/home/devonics/fr3_gazebo/install/fairino3_v6_moveit2_config
[1.334s] DEBUG:colcon.colcon_core.event_handler.log_command:Invoked command in '/home/devonics/fr3_gazebo/build/fairino3_v6_moveit2_config' returned '0': AMENT_PREFIX_PATH=/home/devonics/fr3_gazebo/install/fairino_description:${AMENT_PREFIX_PATH} CMAKE_PREFIX_PATH=/home/devonics/fr3_gazebo/install/fairino_description:/home/devonics/ros2_control_ws/install/ros2_controllers:/home/devonics/ros2_control_ws/install/ros2_control_demos:/home/devonics/ros2_control_ws/install/ros2_control_demo_example_3:/home/devonics/ros2_control_ws/install/ign_ros2_control_demos:/home/devonics/ros2_control_ws/install/gz_ros2_control_demos:/home/devonics/ros2_control_ws/install/velocity_controllers:/home/devonics/ros2_control_ws/install/tricycle_steering_controller:/home/devonics/ros2_control_ws/install/tricycle_controller:/home/devonics/ros2_control_ws/install/ros2_control_demo_example_8:/home/devonics/ros2_control_ws/install/ros2_control:/home/devonics/ros2_control_ws/install/transmission_interface:/home/devonics/ros2_control_ws/install/ros2_control_demo_example_11:/home/devonics/ros2_control_ws/install/bicycle_steering_controller:/home/devonics/ros2_control_ws/install/ackermann_steering_controller:/home/devonics/ros2_control_ws/install/steering_controllers_library:/home/devonics/ros2_control_ws/install/ros2_control_demo_example_15:/home/devonics/ros2_control_ws/install/ros2_control_demo_example_1:/home/devonics/ros2_control_ws/install/ros2_control_demo_example_9:/home/devonics/ros2_control_ws/install/ros2_control_demo_example_7:/home/devonics/ros2_control_ws/install/ros2_control_demo_example_6:/home/devonics/ros2_control_ws/install/ros2_control_demo_example_13:/home/devonics/ros2_control_ws/install/ros2_control_demo_example_5:/home/devonics/ros2_control_ws/install/ros2_control_demo_example_4:/home/devonics/ros2_control_ws/install/ros2_control_demo_example_2:/home/devonics/ros2_control_ws/install/ros2_control_demo_example_14:/home/devonics/ros2_control_ws/install/ros2_control_demo_example_12:/home/devonics/ros2_control_ws/install/ros2_control_demo_example_10:/home/devonics/ros2_control_ws/install/ign_ros2_control:/home/devonics/ros2_control_ws/install/hardware_interface_testing:/home/devonics/ros2_control_ws/install/gz_ros2_control:/home/devonics/ros2_control_ws/install/controller_manager:/home/devonics/ros2_control_ws/install/ros2_control_test_assets:/home/devonics/ros2_control_ws/install/ros2_control_demo_description:/home/devonics/ros2_control_ws/install/range_sensor_broadcaster:/home/devonics/ros2_control_ws/install/position_controllers:/home/devonics/ros2_control_ws/install/pose_broadcaster:/home/devonics/ros2_control_ws/install/pid_controller:/home/devonics/ros2_control_ws/install/mecanum_drive_controller:/home/devonics/ros2_control_ws/install/joint_trajectory_controller:/home/devonics/ros2_control_ws/install/joint_state_broadcaster:/home/devonics/ros2_control_ws/install/imu_sensor_broadcaster:/home/devonics/ros2_control_ws/install/gripper_controllers:/home/devonics/ros2_control_ws/install/gpio_controllers:/home/devonics/ros2_control_ws/install/effort_controllers:/home/devonics/ros2_control_ws/install/forward_command_controller:/home/devonics/ros2_control_ws/install/force_torque_sensor_broadcaster:/home/devonics/ros2_control_ws/install/diff_drive_controller:/home/devonics/ros2_control_ws/install/admittance_controller:/home/devonics/ros2_control_ws/install/control_toolbox:/home/devonics/ros2_control_ws/install/realtime_tools:/home/devonics/ros2_control_ws/install/kinematics_interface_kdl:/home/devonics/ros2_control_ws/install/kinematics_interface:/home/devonics/ros2_control_ws/install/joint_limits:/home/devonics/ros2_control_ws/install/controller_interface:/home/devonics/ros2_control_ws/install/hardware_interface:/home/devonics/ros2_control_ws/install/gz_ros2_control_tests:/home/devonics/ros2_control_ws/install/controller_manager_msgs:/home/devonics/ros2_control_ws/install/control_msgs:/home/devonics/ros2_ws/install/fairino_hardware:/home/devonics/ros2_ws/install/fairino_msgs:/home/devonics/ros2_ws/install/fairino5_v6_moveit2_config:/home/devonics/ros2_ws/install/fairino3mt_v6_moveit2_config:/home/devonics/ros2_ws/install/fairino3_v6_moveit2_config:/home/devonics/ros2_ws/install/fairino30_v6_moveit2_config:/home/devonics/ros2_ws/install/fairino20_v6_moveit2_config:/home/devonics/ros2_ws/install/fairino16_v6_moveit2_config:/home/devonics/ros2_ws/install/fairino10_v6_moveit2_config:/home/devonics/ros2_ws/install/fairino_description:/home/devonics/ros2_control_ws/install/rqt_joint_trajectory_controller:/home/devonics/ros2_control_ws/install/rqt_controller_manager:/home/devonics/ros2_control_ws/install/ros2controlcli:/home/devonics/ros2_control_ws/install/ros2_controllers_test_nodes:/opt/ros/humble /usr/bin/cmake /home/devonics/fr3_gazebo/src/fairino3_v6_moveit2_config -DCMAKE_INSTALL_PREFIX=/home/devonics/fr3_gazebo/install/fairino3_v6_moveit2_config
[1.336s] DEBUG:colcon.colcon_core.event_handler.log_command:Invoking command in '/home/devonics/fr3_gazebo/build/fairino3_v6_moveit2_config': AMENT_PREFIX_PATH=/home/devonics/fr3_gazebo/install/fairino_description:${AMENT_PREFIX_PATH} CMAKE_PREFIX_PATH=/home/devonics/fr3_gazebo/install/fairino_description:/home/devonics/ros2_control_ws/install/ros2_controllers:/home/devonics/ros2_control_ws/install/ros2_control_demos:/home/devonics/ros2_control_ws/install/ros2_control_demo_example_3:/home/devonics/ros2_control_ws/install/ign_ros2_control_demos:/home/devonics/ros2_control_ws/install/gz_ros2_control_demos:/home/devonics/ros2_control_ws/install/velocity_controllers:/home/devonics/ros2_control_ws/install/tricycle_steering_controller:/home/devonics/ros2_control_ws/install/tricycle_controller:/home/devonics/ros2_control_ws/install/ros2_control_demo_example_8:/home/devonics/ros2_control_ws/install/ros2_control:/home/devonics/ros2_control_ws/install/transmission_interface:/home/devonics/ros2_control_ws/install/ros2_control_demo_example_11:/home/devonics/ros2_control_ws/install/bicycle_steering_controller:/home/devonics/ros2_control_ws/install/ackermann_steering_controller:/home/devonics/ros2_control_ws/install/steering_controllers_library:/home/devonics/ros2_control_ws/install/ros2_control_demo_example_15:/home/devonics/ros2_control_ws/install/ros2_control_demo_example_1:/home/devonics/ros2_control_ws/install/ros2_control_demo_example_9:/home/devonics/ros2_control_ws/install/ros2_control_demo_example_7:/home/devonics/ros2_control_ws/install/ros2_control_demo_example_6:/home/devonics/ros2_control_ws/install/ros2_control_demo_example_13:/home/devonics/ros2_control_ws/install/ros2_control_demo_example_5:/home/devonics/ros2_control_ws/install/ros2_control_demo_example_4:/home/devonics/ros2_control_ws/install/ros2_control_demo_example_2:/home/devonics/ros2_control_ws/install/ros2_control_demo_example_14:/home/devonics/ros2_control_ws/install/ros2_control_demo_example_12:/home/devonics/ros2_control_ws/install/ros2_control_demo_example_10:/home/devonics/ros2_control_ws/install/ign_ros2_control:/home/devonics/ros2_control_ws/install/hardware_interface_testing:/home/devonics/ros2_control_ws/install/gz_ros2_control:/home/devonics/ros2_control_ws/install/controller_manager:/home/devonics/ros2_control_ws/install/ros2_control_test_assets:/home/devonics/ros2_control_ws/install/ros2_control_demo_description:/home/devonics/ros2_control_ws/install/range_sensor_broadcaster:/home/devonics/ros2_control_ws/install/position_controllers:/home/devonics/ros2_control_ws/install/pose_broadcaster:/home/devonics/ros2_control_ws/install/pid_controller:/home/devonics/ros2_control_ws/install/mecanum_drive_controller:/home/devonics/ros2_control_ws/install/joint_trajectory_controller:/home/devonics/ros2_control_ws/install/joint_state_broadcaster:/home/devonics/ros2_control_ws/install/imu_sensor_broadcaster:/home/devonics/ros2_control_ws/install/gripper_controllers:/home/devonics/ros2_control_ws/install/gpio_controllers:/home/devonics/ros2_control_ws/install/effort_controllers:/home/devonics/ros2_control_ws/install/forward_command_controller:/home/devonics/ros2_control_ws/install/force_torque_sensor_broadcaster:/home/devonics/ros2_control_ws/install/diff_drive_controller:/home/devonics/ros2_control_ws/install/admittance_controller:/home/devonics/ros2_control_ws/install/control_toolbox:/home/devonics/ros2_control_ws/install/realtime_tools:/home/devonics/ros2_control_ws/install/kinematics_interface_kdl:/home/devonics/ros2_control_ws/install/kinematics_interface:/home/devonics/ros2_control_ws/install/joint_limits:/home/devonics/ros2_control_ws/install/controller_interface:/home/devonics/ros2_control_ws/install/hardware_interface:/home/devonics/ros2_control_ws/install/gz_ros2_control_tests:/home/devonics/ros2_control_ws/install/controller_manager_msgs:/home/devonics/ros2_control_ws/install/control_msgs:/home/devonics/ros2_ws/install/fairino_hardware:/home/devonics/ros2_ws/install/fairino_msgs:/home/devonics/ros2_ws/install/fairino5_v6_moveit2_config:/home/devonics/ros2_ws/install/fairino3mt_v6_moveit2_config:/home/devonics/ros2_ws/install/fairino3_v6_moveit2_config:/home/devonics/ros2_ws/install/fairino30_v6_moveit2_config:/home/devonics/ros2_ws/install/fairino20_v6_moveit2_config:/home/devonics/ros2_ws/install/fairino16_v6_moveit2_config:/home/devonics/ros2_ws/install/fairino10_v6_moveit2_config:/home/devonics/ros2_ws/install/fairino_description:/home/devonics/ros2_control_ws/install/rqt_joint_trajectory_controller:/home/devonics/ros2_control_ws/install/rqt_controller_manager:/home/devonics/ros2_control_ws/install/ros2controlcli:/home/devonics/ros2_control_ws/install/ros2_controllers_test_nodes:/opt/ros/humble /usr/bin/cmake --build /home/devonics/fr3_gazebo/build/fairino3_v6_moveit2_config -- -j20 -l20
[1.370s] DEBUG:colcon.colcon_core.event_handler.log_command:Invoked command in '/home/devonics/fr3_gazebo/build/fairino3_v6_moveit2_config' returned '0': AMENT_PREFIX_PATH=/home/devonics/fr3_gazebo/install/fairino_description:${AMENT_PREFIX_PATH} CMAKE_PREFIX_PATH=/home/devonics/fr3_gazebo/install/fairino_description:/home/devonics/ros2_control_ws/install/ros2_controllers:/home/devonics/ros2_control_ws/install/ros2_control_demos:/home/devonics/ros2_control_ws/install/ros2_control_demo_example_3:/home/devonics/ros2_control_ws/install/ign_ros2_control_demos:/home/devonics/ros2_control_ws/install/gz_ros2_control_demos:/home/devonics/ros2_control_ws/install/velocity_controllers:/home/devonics/ros2_control_ws/install/tricycle_steering_controller:/home/devonics/ros2_control_ws/install/tricycle_controller:/home/devonics/ros2_control_ws/install/ros2_control_demo_example_8:/home/devonics/ros2_control_ws/install/ros2_control:/home/devonics/ros2_control_ws/install/transmission_interface:/home/devonics/ros2_control_ws/install/ros2_control_demo_example_11:/home/devonics/ros2_control_ws/install/bicycle_steering_controller:/home/devonics/ros2_control_ws/install/ackermann_steering_controller:/home/devonics/ros2_control_ws/install/steering_controllers_library:/home/devonics/ros2_control_ws/install/ros2_control_demo_example_15:/home/devonics/ros2_control_ws/install/ros2_control_demo_example_1:/home/devonics/ros2_control_ws/install/ros2_control_demo_example_9:/home/devonics/ros2_control_ws/install/ros2_control_demo_example_7:/home/devonics/ros2_control_ws/install/ros2_control_demo_example_6:/home/devonics/ros2_control_ws/install/ros2_control_demo_example_13:/home/devonics/ros2_control_ws/install/ros2_control_demo_example_5:/home/devonics/ros2_control_ws/install/ros2_control_demo_example_4:/home/devonics/ros2_control_ws/install/ros2_control_demo_example_2:/home/devonics/ros2_control_ws/install/ros2_control_demo_example_14:/home/devonics/ros2_control_ws/install/ros2_control_demo_example_12:/home/devonics/ros2_control_ws/install/ros2_control_demo_example_10:/home/devonics/ros2_control_ws/install/ign_ros2_control:/home/devonics/ros2_control_ws/install/hardware_interface_testing:/home/devonics/ros2_control_ws/install/gz_ros2_control:/home/devonics/ros2_control_ws/install/controller_manager:/home/devonics/ros2_control_ws/install/ros2_control_test_assets:/home/devonics/ros2_control_ws/install/ros2_control_demo_description:/home/devonics/ros2_control_ws/install/range_sensor_broadcaster:/home/devonics/ros2_control_ws/install/position_controllers:/home/devonics/ros2_control_ws/install/pose_broadcaster:/home/devonics/ros2_control_ws/install/pid_controller:/home/devonics/ros2_control_ws/install/mecanum_drive_controller:/home/devonics/ros2_control_ws/install/joint_trajectory_controller:/home/devonics/ros2_control_ws/install/joint_state_broadcaster:/home/devonics/ros2_control_ws/install/imu_sensor_broadcaster:/home/devonics/ros2_control_ws/install/gripper_controllers:/home/devonics/ros2_control_ws/install/gpio_controllers:/home/devonics/ros2_control_ws/install/effort_controllers:/home/devonics/ros2_control_ws/install/forward_command_controller:/home/devonics/ros2_control_ws/install/force_torque_sensor_broadcaster:/home/devonics/ros2_control_ws/install/diff_drive_controller:/home/devonics/ros2_control_ws/install/admittance_controller:/home/devonics/ros2_control_ws/install/control_toolbox:/home/devonics/ros2_control_ws/install/realtime_tools:/home/devonics/ros2_control_ws/install/kinematics_interface_kdl:/home/devonics/ros2_control_ws/install/kinematics_interface:/home/devonics/ros2_control_ws/install/joint_limits:/home/devonics/ros2_control_ws/install/controller_interface:/home/devonics/ros2_control_ws/install/hardware_interface:/home/devonics/ros2_control_ws/install/gz_ros2_control_tests:/home/devonics/ros2_control_ws/install/controller_manager_msgs:/home/devonics/ros2_control_ws/install/control_msgs:/home/devonics/ros2_ws/install/fairino_hardware:/home/devonics/ros2_ws/install/fairino_msgs:/home/devonics/ros2_ws/install/fairino5_v6_moveit2_config:/home/devonics/ros2_ws/install/fairino3mt_v6_moveit2_config:/home/devonics/ros2_ws/install/fairino3_v6_moveit2_config:/home/devonics/ros2_ws/install/fairino30_v6_moveit2_config:/home/devonics/ros2_ws/install/fairino20_v6_moveit2_config:/home/devonics/ros2_ws/install/fairino16_v6_moveit2_config:/home/devonics/ros2_ws/install/fairino10_v6_moveit2_config:/home/devonics/ros2_ws/install/fairino_description:/home/devonics/ros2_control_ws/install/rqt_joint_trajectory_controller:/home/devonics/ros2_control_ws/install/rqt_controller_manager:/home/devonics/ros2_control_ws/install/ros2controlcli:/home/devonics/ros2_control_ws/install/ros2_controllers_test_nodes:/opt/ros/humble /usr/bin/cmake --build /home/devonics/fr3_gazebo/build/fairino3_v6_moveit2_config -- -j20 -l20
[1.371s] DEBUG:colcon.colcon_core.event_handler.log_command:Invoking command in '/home/devonics/fr3_gazebo/build/fairino3_v6_moveit2_config': AMENT_PREFIX_PATH=/home/devonics/fr3_gazebo/install/fairino_description:${AMENT_PREFIX_PATH} CMAKE_PREFIX_PATH=/home/devonics/fr3_gazebo/install/fairino_description:/home/devonics/ros2_control_ws/install/ros2_controllers:/home/devonics/ros2_control_ws/install/ros2_control_demos:/home/devonics/ros2_control_ws/install/ros2_control_demo_example_3:/home/devonics/ros2_control_ws/install/ign_ros2_control_demos:/home/devonics/ros2_control_ws/install/gz_ros2_control_demos:/home/devonics/ros2_control_ws/install/velocity_controllers:/home/devonics/ros2_control_ws/install/tricycle_steering_controller:/home/devonics/ros2_control_ws/install/tricycle_controller:/home/devonics/ros2_control_ws/install/ros2_control_demo_example_8:/home/devonics/ros2_control_ws/install/ros2_control:/home/devonics/ros2_control_ws/install/transmission_interface:/home/devonics/ros2_control_ws/install/ros2_control_demo_example_11:/home/devonics/ros2_control_ws/install/bicycle_steering_controller:/home/devonics/ros2_control_ws/install/ackermann_steering_controller:/home/devonics/ros2_control_ws/install/steering_controllers_library:/home/devonics/ros2_control_ws/install/ros2_control_demo_example_15:/home/devonics/ros2_control_ws/install/ros2_control_demo_example_1:/home/devonics/ros2_control_ws/install/ros2_control_demo_example_9:/home/devonics/ros2_control_ws/install/ros2_control_demo_example_7:/home/devonics/ros2_control_ws/install/ros2_control_demo_example_6:/home/devonics/ros2_control_ws/install/ros2_control_demo_example_13:/home/devonics/ros2_control_ws/install/ros2_control_demo_example_5:/home/devonics/ros2_control_ws/install/ros2_control_demo_example_4:/home/devonics/ros2_control_ws/install/ros2_control_demo_example_2:/home/devonics/ros2_control_ws/install/ros2_control_demo_example_14:/home/devonics/ros2_control_ws/install/ros2_control_demo_example_12:/home/devonics/ros2_control_ws/install/ros2_control_demo_example_10:/home/devonics/ros2_control_ws/install/ign_ros2_control:/home/devonics/ros2_control_ws/install/hardware_interface_testing:/home/devonics/ros2_control_ws/install/gz_ros2_control:/home/devonics/ros2_control_ws/install/controller_manager:/home/devonics/ros2_control_ws/install/ros2_control_test_assets:/home/devonics/ros2_control_ws/install/ros2_control_demo_description:/home/devonics/ros2_control_ws/install/range_sensor_broadcaster:/home/devonics/ros2_control_ws/install/position_controllers:/home/devonics/ros2_control_ws/install/pose_broadcaster:/home/devonics/ros2_control_ws/install/pid_controller:/home/devonics/ros2_control_ws/install/mecanum_drive_controller:/home/devonics/ros2_control_ws/install/joint_trajectory_controller:/home/devonics/ros2_control_ws/install/joint_state_broadcaster:/home/devonics/ros2_control_ws/install/imu_sensor_broadcaster:/home/devonics/ros2_control_ws/install/gripper_controllers:/home/devonics/ros2_control_ws/install/gpio_controllers:/home/devonics/ros2_control_ws/install/effort_controllers:/home/devonics/ros2_control_ws/install/forward_command_controller:/home/devonics/ros2_control_ws/install/force_torque_sensor_broadcaster:/home/devonics/ros2_control_ws/install/diff_drive_controller:/home/devonics/ros2_control_ws/install/admittance_controller:/home/devonics/ros2_control_ws/install/control_toolbox:/home/devonics/ros2_control_ws/install/realtime_tools:/home/devonics/ros2_control_ws/install/kinematics_interface_kdl:/home/devonics/ros2_control_ws/install/kinematics_interface:/home/devonics/ros2_control_ws/install/joint_limits:/home/devonics/ros2_control_ws/install/controller_interface:/home/devonics/ros2_control_ws/install/hardware_interface:/home/devonics/ros2_control_ws/install/gz_ros2_control_tests:/home/devonics/ros2_control_ws/install/controller_manager_msgs:/home/devonics/ros2_control_ws/install/control_msgs:/home/devonics/ros2_ws/install/fairino_hardware:/home/devonics/ros2_ws/install/fairino_msgs:/home/devonics/ros2_ws/install/fairino5_v6_moveit2_config:/home/devonics/ros2_ws/install/fairino3mt_v6_moveit2_config:/home/devonics/ros2_ws/install/fairino3_v6_moveit2_config:/home/devonics/ros2_ws/install/fairino30_v6_moveit2_config:/home/devonics/ros2_ws/install/fairino20_v6_moveit2_config:/home/devonics/ros2_ws/install/fairino16_v6_moveit2_config:/home/devonics/ros2_ws/install/fairino10_v6_moveit2_config:/home/devonics/ros2_ws/install/fairino_description:/home/devonics/ros2_control_ws/install/rqt_joint_trajectory_controller:/home/devonics/ros2_control_ws/install/rqt_controller_manager:/home/devonics/ros2_control_ws/install/ros2controlcli:/home/devonics/ros2_control_ws/install/ros2_controllers_test_nodes:/opt/ros/humble /usr/bin/cmake --install /home/devonics/fr3_gazebo/build/fairino3_v6_moveit2_config
[1.376s] DEBUG:colcon.colcon_core.event_handler.log_command:Invoked command in '/home/devonics/fr3_gazebo/build/fairino_msgs' returned '0': CMAKE_PREFIX_PATH=${CMAKE_PREFIX_PATH}:/home/devonics/ros2_control_ws/install/rqt_joint_trajectory_controller:/home/devonics/ros2_control_ws/install/rqt_controller_manager:/home/devonics/ros2_control_ws/install/ros2controlcli:/home/devonics/ros2_control_ws/install/ros2_controllers_test_nodes:/opt/ros/humble /usr/bin/cmake /home/devonics/fr3_gazebo/src/fairino_msgs -DCMAKE_INSTALL_PREFIX=/home/devonics/fr3_gazebo/install/fairino_msgs
[1.377s] DEBUG:colcon.colcon_core.event_handler.log_command:Invoking command in '/home/devonics/fr3_gazebo/build/fairino_msgs': CMAKE_PREFIX_PATH=${CMAKE_PREFIX_PATH}:/home/devonics/ros2_control_ws/install/rqt_joint_trajectory_controller:/home/devonics/ros2_control_ws/install/rqt_controller_manager:/home/devonics/ros2_control_ws/install/ros2controlcli:/home/devonics/ros2_control_ws/install/ros2_controllers_test_nodes:/opt/ros/humble /usr/bin/cmake --build /home/devonics/fr3_gazebo/build/fairino_msgs -- -j20 -l20
[1.383s] DEBUG:colcon.colcon_core.event_handler.log_command:Invoked command in '/home/devonics/fr3_gazebo/build/fairino3_v6_moveit2_config' returned '1': AMENT_PREFIX_PATH=/home/devonics/fr3_gazebo/install/fairino_description:${AMENT_PREFIX_PATH} CMAKE_PREFIX_PATH=/home/devonics/fr3_gazebo/install/fairino_description:/home/devonics/ros2_control_ws/install/ros2_controllers:/home/devonics/ros2_control_ws/install/ros2_control_demos:/home/devonics/ros2_control_ws/install/ros2_control_demo_example_3:/home/devonics/ros2_control_ws/install/ign_ros2_control_demos:/home/devonics/ros2_control_ws/install/gz_ros2_control_demos:/home/devonics/ros2_control_ws/install/velocity_controllers:/home/devonics/ros2_control_ws/install/tricycle_steering_controller:/home/devonics/ros2_control_ws/install/tricycle_controller:/home/devonics/ros2_control_ws/install/ros2_control_demo_example_8:/home/devonics/ros2_control_ws/install/ros2_control:/home/devonics/ros2_control_ws/install/transmission_interface:/home/devonics/ros2_control_ws/install/ros2_control_demo_example_11:/home/devonics/ros2_control_ws/install/bicycle_steering_controller:/home/devonics/ros2_control_ws/install/ackermann_steering_controller:/home/devonics/ros2_control_ws/install/steering_controllers_library:/home/devonics/ros2_control_ws/install/ros2_control_demo_example_15:/home/devonics/ros2_control_ws/install/ros2_control_demo_example_1:/home/devonics/ros2_control_ws/install/ros2_control_demo_example_9:/home/devonics/ros2_control_ws/install/ros2_control_demo_example_7:/home/devonics/ros2_control_ws/install/ros2_control_demo_example_6:/home/devonics/ros2_control_ws/install/ros2_control_demo_example_13:/home/devonics/ros2_control_ws/install/ros2_control_demo_example_5:/home/devonics/ros2_control_ws/install/ros2_control_demo_example_4:/home/devonics/ros2_control_ws/install/ros2_control_demo_example_2:/home/devonics/ros2_control_ws/install/ros2_control_demo_example_14:/home/devonics/ros2_control_ws/install/ros2_control_demo_example_12:/home/devonics/ros2_control_ws/install/ros2_control_demo_example_10:/home/devonics/ros2_control_ws/install/ign_ros2_control:/home/devonics/ros2_control_ws/install/hardware_interface_testing:/home/devonics/ros2_control_ws/install/gz_ros2_control:/home/devonics/ros2_control_ws/install/controller_manager:/home/devonics/ros2_control_ws/install/ros2_control_test_assets:/home/devonics/ros2_control_ws/install/ros2_control_demo_description:/home/devonics/ros2_control_ws/install/range_sensor_broadcaster:/home/devonics/ros2_control_ws/install/position_controllers:/home/devonics/ros2_control_ws/install/pose_broadcaster:/home/devonics/ros2_control_ws/install/pid_controller:/home/devonics/ros2_control_ws/install/mecanum_drive_controller:/home/devonics/ros2_control_ws/install/joint_trajectory_controller:/home/devonics/ros2_control_ws/install/joint_state_broadcaster:/home/devonics/ros2_control_ws/install/imu_sensor_broadcaster:/home/devonics/ros2_control_ws/install/gripper_controllers:/home/devonics/ros2_control_ws/install/gpio_controllers:/home/devonics/ros2_control_ws/install/effort_controllers:/home/devonics/ros2_control_ws/install/forward_command_controller:/home/devonics/ros2_control_ws/install/force_torque_sensor_broadcaster:/home/devonics/ros2_control_ws/install/diff_drive_controller:/home/devonics/ros2_control_ws/install/admittance_controller:/home/devonics/ros2_control_ws/install/control_toolbox:/home/devonics/ros2_control_ws/install/realtime_tools:/home/devonics/ros2_control_ws/install/kinematics_interface_kdl:/home/devonics/ros2_control_ws/install/kinematics_interface:/home/devonics/ros2_control_ws/install/joint_limits:/home/devonics/ros2_control_ws/install/controller_interface:/home/devonics/ros2_control_ws/install/hardware_interface:/home/devonics/ros2_control_ws/install/gz_ros2_control_tests:/home/devonics/ros2_control_ws/install/controller_manager_msgs:/home/devonics/ros2_control_ws/install/control_msgs:/home/devonics/ros2_ws/install/fairino_hardware:/home/devonics/ros2_ws/install/fairino_msgs:/home/devonics/ros2_ws/install/fairino5_v6_moveit2_config:/home/devonics/ros2_ws/install/fairino3mt_v6_moveit2_config:/home/devonics/ros2_ws/install/fairino3_v6_moveit2_config:/home/devonics/ros2_ws/install/fairino30_v6_moveit2_config:/home/devonics/ros2_ws/install/fairino20_v6_moveit2_config:/home/devonics/ros2_ws/install/fairino16_v6_moveit2_config:/home/devonics/ros2_ws/install/fairino10_v6_moveit2_config:/home/devonics/ros2_ws/install/fairino_description:/home/devonics/ros2_control_ws/install/rqt_joint_trajectory_controller:/home/devonics/ros2_control_ws/install/rqt_controller_manager:/home/devonics/ros2_control_ws/install/ros2controlcli:/home/devonics/ros2_control_ws/install/ros2_controllers_test_nodes:/opt/ros/humble /usr/bin/cmake --install /home/devonics/fr3_gazebo/build/fairino3_v6_moveit2_config
[1.383s] Level 1:colcon.colcon_core.environment:create_environment_scripts_only(fairino3_v6_moveit2_config)
[1.383s] Level 1:colcon.colcon_core.environment:checking '/home/devonics/fr3_gazebo/install/fairino3_v6_moveit2_config' for CMake module files
[1.384s] Level 1:colcon.colcon_core.environment:checking '/home/devonics/fr3_gazebo/install/fairino3_v6_moveit2_config' for CMake config files
[1.384s] Level 1:colcon.colcon_core.shell:create_environment_hook('fairino3_v6_moveit2_config', 'cmake_prefix_path')
[1.384s] INFO:colcon.colcon_core.shell:Creating environment hook '/home/devonics/fr3_gazebo/install/fairino3_v6_moveit2_config/share/fairino3_v6_moveit2_config/hook/cmake_prefix_path.ps1'
[1.384s] INFO:colcon.colcon_core.shell:Creating environment descriptor '/home/devonics/fr3_gazebo/install/fairino3_v6_moveit2_config/share/fairino3_v6_moveit2_config/hook/cmake_prefix_path.dsv'
[1.384s] INFO:colcon.colcon_core.shell:Creating environment hook '/home/devonics/fr3_gazebo/install/fairino3_v6_moveit2_config/share/fairino3_v6_moveit2_config/hook/cmake_prefix_path.sh'
[1.385s] Level 1:colcon.colcon_core.environment:checking '/home/devonics/fr3_gazebo/install/fairino3_v6_moveit2_config/bin'
[1.385s] Level 1:colcon.colcon_core.environment:checking '/home/devonics/fr3_gazebo/install/fairino3_v6_moveit2_config/lib/pkgconfig/fairino3_v6_moveit2_config.pc'
[1.385s] Level 1:colcon.colcon_core.environment:checking '/home/devonics/fr3_gazebo/install/fairino3_v6_moveit2_config/lib/python3.10/site-packages'
[1.385s] Level 1:colcon.colcon_core.environment:checking '/home/devonics/fr3_gazebo/install/fairino3_v6_moveit2_config/bin'
[1.385s] INFO:colcon.colcon_core.shell:Creating package script '/home/devonics/fr3_gazebo/install/fairino3_v6_moveit2_config/share/fairino3_v6_moveit2_config/package.ps1'
[1.385s] INFO:colcon.colcon_core.shell:Creating package descriptor '/home/devonics/fr3_gazebo/install/fairino3_v6_moveit2_config/share/fairino3_v6_moveit2_config/package.dsv'
[1.386s] INFO:colcon.colcon_core.shell:Creating package script '/home/devonics/fr3_gazebo/install/fairino3_v6_moveit2_config/share/fairino3_v6_moveit2_config/package.sh'
[1.386s] INFO:colcon.colcon_core.shell:Creating package script '/home/devonics/fr3_gazebo/install/fairino3_v6_moveit2_config/share/fairino3_v6_moveit2_config/package.bash'
[1.386s] INFO:colcon.colcon_core.shell:Creating package script '/home/devonics/fr3_gazebo/install/fairino3_v6_moveit2_config/share/fairino3_v6_moveit2_config/package.zsh'
[1.386s] Level 1:colcon.colcon_core.environment:create_file_with_runtime_dependencies(/home/devonics/fr3_gazebo/install/fairino3_v6_moveit2_config/share/colcon-core/packages/fairino3_v6_moveit2_config)
[3.278s] DEBUG:colcon.colcon_parallel_executor.executor.parallel:closing loop
[3.278s] DEBUG:colcon.colcon_parallel_executor.executor.parallel:loop closed
[3.278s] DEBUG:colcon.colcon_parallel_executor.executor.parallel:run_until_complete finished with '1'
[3.278s] DEBUG:colcon.colcon_core.event_reactor:joining thread
[3.283s] INFO:colcon.colcon_core.plugin_system:Skipping extension 'colcon_notification.desktop_notification.terminal_notifier': Not used on non-Darwin systems
[3.283s] INFO:colcon.colcon_core.plugin_system:Skipping extension 'colcon_notification.desktop_notification.win32': Not used on non-Windows systems
[3.283s] INFO:colcon.colcon_notification.desktop_notification:Sending desktop notification using 'notify2'
[3.292s] DEBUG:colcon.colcon_core.event_reactor:joined thread
[3.292s] INFO:colcon.colcon_core.shell:Creating prefix script '/home/devonics/fr3_gazebo/install/local_setup.ps1'
[3.293s] INFO:colcon.colcon_core.shell:Creating prefix util module '/home/devonics/fr3_gazebo/install/_local_setup_util_ps1.py'
[3.294s] INFO:colcon.colcon_core.shell:Creating prefix chain script '/home/devonics/fr3_gazebo/install/setup.ps1'
[3.295s] INFO:colcon.colcon_core.shell:Creating prefix script '/home/devonics/fr3_gazebo/install/local_setup.sh'
[3.296s] INFO:colcon.colcon_core.shell:Creating prefix util module '/home/devonics/fr3_gazebo/install/_local_setup_util_sh.py'
[3.296s] INFO:colcon.colcon_core.shell:Creating prefix chain script '/home/devonics/fr3_gazebo/install/setup.sh'
[3.298s] INFO:colcon.colcon_core.shell:Creating prefix script '/home/devonics/fr3_gazebo/install/local_setup.bash'
[3.298s] INFO:colcon.colcon_core.shell:Creating prefix chain script '/home/devonics/fr3_gazebo/install/setup.bash'
[3.300s] INFO:colcon.colcon_core.shell:Creating prefix script '/home/devonics/fr3_gazebo/install/local_setup.zsh'
[3.300s] INFO:colcon.colcon_core.shell:Creating prefix chain script '/home/devonics/fr3_gazebo/install/setup.zsh'
