[0.011s] Invoking command in '/home/devonics/fr3_gazebo/build/fairino_description': CMAKE_PREFIX_PATH=${CMAKE_PREFIX_PATH}:/home/devonics/ros2_control_ws/install/rqt_joint_trajectory_controller:/home/devonics/ros2_control_ws/install/rqt_controller_manager:/home/devonics/ros2_control_ws/install/ros2controlcli:/home/devonics/ros2_control_ws/install/ros2_controllers_test_nodes:/opt/ros/humble /usr/bin/cmake /home/devonics/fr3_gazebo/src/fairino_description -DCMAKE_INSTALL_PREFIX=/home/devonics/fr3_gazebo/install/fairino_description
[0.055s] -- The C compiler identification is GNU 11.4.0
[0.096s] -- The CXX compiler identification is GNU 11.4.0
[0.101s] -- Detecting C compiler ABI info
[0.163s] -- Detecting C compiler ABI info - done
[0.170s] -- Check for working C compiler: /usr/bin/cc - skipped
[0.170s] -- Detecting C compile features
[0.170s] -- Detecting C compile features - done
[0.173s] -- Detecting CXX compiler ABI info
[0.237s] -- Detecting CXX compiler ABI info - done
[0.242s] -- Check for working CXX compiler: /usr/bin/c++ - skipped
[0.242s] -- Detecting CXX compile features
[0.242s] -- Detecting CXX compile features - done
[0.246s] -- Found ament_cmake: 1.3.11 (/opt/ros/humble/share/ament_cmake/cmake)
[0.357s] -- Found Python3: /usr/bin/python3 (found version "3.10.12") found components: Interpreter 
[0.447s] -- Found urdf: 2.6.1 (/opt/ros/humble/share/urdf/cmake)
[0.507s] -- Found ament_lint_auto: 0.12.12 (/opt/ros/humble/share/ament_lint_auto/cmake)
[0.571s] -- Added test 'lint_cmake' to check CMake code style
[0.572s] -- Added test 'xmllint' to check XML markup files
[0.573s] -- Configuring done
[0.574s] -- Generating done
[0.575s] -- Build files have been written to: /home/devonics/fr3_gazebo/build/fairino_description
[0.579s] Invoked command in '/home/devonics/fr3_gazebo/build/fairino_description' returned '0': CMAKE_PREFIX_PATH=${CMAKE_PREFIX_PATH}:/home/devonics/ros2_control_ws/install/rqt_joint_trajectory_controller:/home/devonics/ros2_control_ws/install/rqt_controller_manager:/home/devonics/ros2_control_ws/install/ros2controlcli:/home/devonics/ros2_control_ws/install/ros2_controllers_test_nodes:/opt/ros/humble /usr/bin/cmake /home/devonics/fr3_gazebo/src/fairino_description -DCMAKE_INSTALL_PREFIX=/home/devonics/fr3_gazebo/install/fairino_description
[0.580s] Invoking command in '/home/devonics/fr3_gazebo/build/fairino_description': CMAKE_PREFIX_PATH=${CMAKE_PREFIX_PATH}:/home/devonics/ros2_control_ws/install/rqt_joint_trajectory_controller:/home/devonics/ros2_control_ws/install/rqt_controller_manager:/home/devonics/ros2_control_ws/install/ros2controlcli:/home/devonics/ros2_control_ws/install/ros2_controllers_test_nodes:/opt/ros/humble /usr/bin/cmake --build /home/devonics/fr3_gazebo/build/fairino_description -- -j20 -l20
[0.614s] Invoked command in '/home/devonics/fr3_gazebo/build/fairino_description' returned '0': CMAKE_PREFIX_PATH=${CMAKE_PREFIX_PATH}:/home/devonics/ros2_control_ws/install/rqt_joint_trajectory_controller:/home/devonics/ros2_control_ws/install/rqt_controller_manager:/home/devonics/ros2_control_ws/install/ros2controlcli:/home/devonics/ros2_control_ws/install/ros2_controllers_test_nodes:/opt/ros/humble /usr/bin/cmake --build /home/devonics/fr3_gazebo/build/fairino_description -- -j20 -l20
[0.623s] Invoking command in '/home/devonics/fr3_gazebo/build/fairino_description': CMAKE_PREFIX_PATH=${CMAKE_PREFIX_PATH}:/home/devonics/ros2_control_ws/install/rqt_joint_trajectory_controller:/home/devonics/ros2_control_ws/install/rqt_controller_manager:/home/devonics/ros2_control_ws/install/ros2controlcli:/home/devonics/ros2_control_ws/install/ros2_controllers_test_nodes:/opt/ros/humble /usr/bin/cmake --install /home/devonics/fr3_gazebo/build/fairino_description
[0.631s] -- Install configuration: ""
[0.631s] -- Installing: /home/devonics/fr3_gazebo/install/fairino_description/share/fairino_description/meshes
[0.631s] -- Installing: /home/devonics/fr3_gazebo/install/fairino_description/share/fairino_description/meshes/fairino3_v6
[0.631s] -- Installing: /home/devonics/fr3_gazebo/install/fairino_description/share/fairino_description/meshes/fairino3_v6/wrist3_link.STL
[0.631s] -- Installing: /home/devonics/fr3_gazebo/install/fairino_description/share/fairino_description/meshes/fairino3_v6/wrist2_link.STL
[0.631s] -- Installing: /home/devonics/fr3_gazebo/install/fairino_description/share/fairino_description/meshes/fairino3_v6/forearm_link.STL
[0.632s] -- Installing: /home/devonics/fr3_gazebo/install/fairino_description/share/fairino_description/meshes/fairino3_v6/wrist1_link.STL
[0.632s] -- Installing: /home/devonics/fr3_gazebo/install/fairino_description/share/fairino_description/meshes/fairino3_v6/shoulder_link.STL
[0.633s] -- Installing: /home/devonics/fr3_gazebo/install/fairino_description/share/fairino_description/meshes/fairino3_v6/base_link.STL
[0.633s] -- Installing: /home/devonics/fr3_gazebo/install/fairino_description/share/fairino_description/meshes/fairino3_v6/upperarm_link.STL
[0.634s] -- Installing: /home/devonics/fr3_gazebo/install/fairino_description/share/fairino_description/urdf
[0.634s] -- Installing: /home/devonics/fr3_gazebo/install/fairino_description/share/fairino_description/urdf/fairino3_v6.urdf
[0.634s] -- Installing: /home/devonics/fr3_gazebo/install/fairino_description/share/ament_index/resource_index/package_run_dependencies/fairino_description
[0.634s] -- Installing: /home/devonics/fr3_gazebo/install/fairino_description/share/ament_index/resource_index/parent_prefix_path/fairino_description
[0.634s] -- Installing: /home/devonics/fr3_gazebo/install/fairino_description/share/fairino_description/environment/ament_prefix_path.sh
[0.634s] -- Installing: /home/devonics/fr3_gazebo/install/fairino_description/share/fairino_description/environment/ament_prefix_path.dsv
[0.634s] -- Installing: /home/devonics/fr3_gazebo/install/fairino_description/share/fairino_description/environment/path.sh
[0.634s] -- Installing: /home/devonics/fr3_gazebo/install/fairino_description/share/fairino_description/environment/path.dsv
[0.634s] -- Installing: /home/devonics/fr3_gazebo/install/fairino_description/share/fairino_description/local_setup.bash
[0.634s] -- Installing: /home/devonics/fr3_gazebo/install/fairino_description/share/fairino_description/local_setup.sh
[0.634s] -- Installing: /home/devonics/fr3_gazebo/install/fairino_description/share/fairino_description/local_setup.zsh
[0.634s] -- Installing: /home/devonics/fr3_gazebo/install/fairino_description/share/fairino_description/local_setup.dsv
[0.634s] -- Installing: /home/devonics/fr3_gazebo/install/fairino_description/share/fairino_description/package.dsv
[0.635s] -- Installing: /home/devonics/fr3_gazebo/install/fairino_description/share/ament_index/resource_index/packages/fairino_description
[0.635s] -- Installing: /home/devonics/fr3_gazebo/install/fairino_description/share/fairino_description/cmake/fairino_descriptionConfig.cmake
[0.635s] -- Installing: /home/devonics/fr3_gazebo/install/fairino_description/share/fairino_description/cmake/fairino_descriptionConfig-version.cmake
[0.635s] -- Installing: /home/devonics/fr3_gazebo/install/fairino_description/share/fairino_description/package.xml
[0.636s] Invoked command in '/home/devonics/fr3_gazebo/build/fairino_description' returned '0': CMAKE_PREFIX_PATH=${CMAKE_PREFIX_PATH}:/home/devonics/ros2_control_ws/install/rqt_joint_trajectory_controller:/home/devonics/ros2_control_ws/install/rqt_controller_manager:/home/devonics/ros2_control_ws/install/ros2controlcli:/home/devonics/ros2_control_ws/install/ros2_controllers_test_nodes:/opt/ros/humble /usr/bin/cmake --install /home/devonics/fr3_gazebo/build/fairino_description
